  Task5.cpp
D:\PARVICH\LAB1\Task5\Task5\Task5.cpp(13,31): warning C4244: =: преобразование "double" в "float", возможна потеря данных
D:\PARVICH\LAB1\Task5\Task5\Task5.cpp(14,20): warning C4244: =: преобразование "double" в "float", возможна потеря данных
D:\PARVICH\LAB1\Task5\Task5\Task5.cpp(18,12): warning C4129: :
D:\PARVICH\LAB1\Task5\Task5\Task5.cpp(18,12): warning C4566: символ, представленный универсальным именем символа "\u044B", невозможно представить в текущей кодовой странице (1252)
D:\PARVICH\LAB1\Task5\Task5\Task5.cpp(18,12): warning C4566: символ, представленный универсальным именем символа "\u0432", невозможно представить в текущей кодовой странице (1252)
D:\PARVICH\LAB1\Task5\Task5\Task5.cpp(18,12): warning C4566: символ, представленный универсальным именем символа "\u043E", невозможно представить в текущей кодовой странице (1252)
D:\PARVICH\LAB1\Task5\Task5\Task5.cpp(18,12): warning C4566: символ, представленный универсальным именем символа "\u0434", невозможно представить в текущей кодовой странице (1252)
D:\PARVICH\LAB1\Task5\Task5\Task5.cpp(18,12): warning C4566: символ, представленный универсальным именем символа "\u0437", невозможно представить в текущей кодовой странице (1252)
D:\PARVICH\LAB1\Task5\Task5\Task5.cpp(18,12): warning C4566: символ, представленный универсальным именем символа "\u043D", невозможно представить в текущей кодовой странице (1252)
D:\PARVICH\LAB1\Task5\Task5\Task5.cpp(18,12): warning C4566: символ, представленный универсальным именем символа "\u0430", невозможно представить в текущей кодовой странице (1252)
D:\PARVICH\LAB1\Task5\Task5\Task5.cpp(18,12): warning C4566: символ, представленный универсальным именем символа "\u0447", невозможно представить в текущей кодовой странице (1252)
D:\PARVICH\LAB1\Task5\Task5\Task5.cpp(18,12): warning C4566: символ, представленный универсальным именем символа "\u0435", невозможно представить в текущей кодовой странице (1252)
D:\PARVICH\LAB1\Task5\Task5\Task5.cpp(18,12): warning C4566: символ, представленный универсальным именем символа "\u0438", невозможно представить в текущей кодовой странице (1252)
D:\PARVICH\LAB1\Task5\Task5\Task5.cpp(18,12): warning C4566: символ, представленный универсальным именем символа "\u0439", невозможно представить в текущей кодовой странице (1252)
D:\PARVICH\LAB1\Task5\Task5\Task5.cpp(18,12): warning C4566: символ, представленный универсальным именем символа "\u043C", невозможно представить в текущей кодовой странице (1252)
D:\PARVICH\LAB1\Task5\Task5\Task5.cpp(18,12): warning C4566: символ, представленный универсальным именем символа "\u0442", невозможно представить в текущей кодовой странице (1252)
D:\PARVICH\LAB1\Task5\Task5\Task5.cpp(18,12): warning C4566: символ, представленный универсальным именем символа "\u0440", невозможно представить в текущей кодовой странице (1252)
D:\PARVICH\LAB1\Task5\Task5\Task5.cpp(18,12): warning C4566: символ, представленный универсальным именем символа "\u0446", невозможно представить в текущей кодовой странице (1252)
D:\PARVICH\LAB1\Task5\Task5\Task5.cpp(18,12): warning C4566: символ, представленный универсальным именем символа "\u043A", невозможно представить в текущей кодовой странице (1252)
D:\PARVICH\LAB1\Task5\Task5\Task5.cpp(18,12): warning C4566: символ, представленный универсальным именем символа "\u044D", невозможно представить в текущей кодовой странице (1252)
D:\PARVICH\LAB1\Task5\Task5\Task5.cpp(43,24): warning C4477: "printf": в строке форматирования "%d" требуется аргумент типа "int", но вариативный аргумент "3" имеет тип "double"
D:\PARVICH\LAB1\Task5\Task5\Task5.cpp(43,24): warning C4473: "printf": передано недостаточно аргументов для строки формата
D:\PARVICH\LAB1\Task5\Task5\Task5.cpp(43,24): message : заполнители и их параметры ожидают переменное число аргументов в количестве 4, но было предоставлено 3
D:\PARVICH\LAB1\Task5\Task5\Task5.cpp(43,24): message : отсутствующий вариативный аргумент "4" требуется для строки форматирования "%.2f"
  Task5.vcxproj -> D:\PARVICH\LAB1\Task5\Debug\Task5.exe
